2022-02-12 00:21:44.564  INFO 15272 --- [main] c.e.bankservice.BankServiceApplication   : Starting BankServiceApplication using Java 11.0.9 on POSI-PC with PID 15272 (C:\Users\POSI\Desktop\atm-emulator\bank-service\build\classes\java\main started by POSI in C:\Users\POSI\Desktop\atm-emulator\bank-service)
2022-02-12 00:21:44.571  INFO 15272 --- [main] c.e.bankservice.BankServiceApplication   : No active profile set, falling back to default profiles: default
2022-02-12 00:21:45.230  INFO 15272 --- [main] .s.d.r.c.RepositoryConfigurationDelegate : Bootstrapping Spring Data JPA repositories in DEFAULT mode.
2022-02-12 00:21:45.290  INFO 15272 --- [main] .s.d.r.c.RepositoryConfigurationDelegate : Finished Spring Data repository scanning in 52 ms. Found 2 JPA repository interfaces.
2022-02-12 00:21:46.003  INFO 15272 --- [main] o.s.b.w.embedded.tomcat.TomcatWebServer  : Tomcat initialized with port(s): 8081 (http)
2022-02-12 00:21:46.023  INFO 15272 --- [main] o.apache.catalina.core.StandardService   : Starting service [Tomcat]
2022-02-12 00:21:46.024  INFO 15272 --- [main] org.apache.catalina.core.StandardEngine  : Starting Servlet engine: [Apache Tomcat/9.0.56]
2022-02-12 00:21:46.118  INFO 15272 --- [main] o.a.c.c.C.[.[localhost].[/bank-service]  : Initializing Spring embedded WebApplicationContext
2022-02-12 00:21:46.120  INFO 15272 --- [main] w.s.c.ServletWebServerApplicationContext : Root WebApplicationContext: initialization completed in 1506 ms
2022-02-12 00:21:46.203  INFO 15272 --- [main] com.zaxxer.hikari.HikariDataSource       : HikariPool-1 - Starting...
2022-02-12 00:21:46.640  INFO 15272 --- [main] com.zaxxer.hikari.HikariDataSource       : HikariPool-1 - Start completed.
2022-02-12 00:21:46.748  INFO 15272 --- [main] o.hibernate.jpa.internal.util.LogHelper  : HHH000204: Processing PersistenceUnitInfo [name: default]
2022-02-12 00:21:46.817  INFO 15272 --- [main] org.hibernate.Version                    : HHH000412: Hibernate ORM core version 5.6.4.Final
2022-02-12 00:21:46.993  INFO 15272 --- [main] o.hibernate.annotations.common.Version   : HCANN000001: Hibernate Commons Annotations {5.1.2.Final}
2022-02-12 00:21:47.108  INFO 15272 --- [main] org.hibernate.dialect.Dialect            : HHH000400: Using dialect: org.hibernate.dialect.MySQL8Dialect
2022-02-12 00:21:47.694  INFO 15272 --- [main] o.h.e.t.j.p.i.JtaPlatformInitiator       : HHH000490: Using JtaPlatform implementation: [org.hibernate.engine.transaction.jta.platform.internal.NoJtaPlatform]
2022-02-12 00:21:47.704  INFO 15272 --- [main] j.LocalContainerEntityManagerFactoryBean : Initialized JPA EntityManagerFactory for persistence unit 'default'
2022-02-12 00:21:47.742  WARN 15272 --- [main] JpaBaseConfiguration$JpaWebConfiguration : spring.jpa.open-in-view is enabled by default. Therefore, database queries may be performed during view rendering. Explicitly configure spring.jpa.open-in-view to disable this warning
2022-02-12 00:21:48.042 TRACE 15272 --- [main] t.a.AnnotationTransactionAttributeSource : Adding transactional method 'com.emulator.bankservice.service.impl.BankServiceImpl.auth' with attribute: PROPAGATION_REQUIRED,ISOLATION_DEFAULT,readOnly
2022-02-12 00:21:48.051 TRACE 15272 --- [main] t.a.AnnotationTransactionAttributeSource : Adding transactional method 'com.emulator.bankservice.service.impl.BankServiceImpl.deposit' with attribute: PROPAGATION_REQUIRES_NEW,ISOLATION_DEFAULT
2022-02-12 00:21:48.051 TRACE 15272 --- [main] t.a.AnnotationTransactionAttributeSource : Adding transactional method 'com.emulator.bankservice.service.impl.BankServiceImpl.withdraw' with attribute: PROPAGATION_REQUIRES_NEW,ISOLATION_DEFAULT
2022-02-12 00:21:48.051 TRACE 15272 --- [main] t.a.AnnotationTransactionAttributeSource : Adding transactional method 'com.emulator.bankservice.service.impl.BankServiceImpl.getBalance' with attribute: PROPAGATION_REQUIRED,ISOLATION_DEFAULT,readOnly
2022-02-12 00:21:48.051 TRACE 15272 --- [main] t.a.AnnotationTransactionAttributeSource : Adding transactional method 'com.emulator.bankservice.service.impl.BankServiceImpl.checkIfUserExists' with attribute: PROPAGATION_REQUIRED,ISOLATION_DEFAULT,readOnly
2022-02-12 00:21:48.052 TRACE 15272 --- [main] t.a.AnnotationTransactionAttributeSource : Adding transactional method 'com.emulator.bankservice.service.impl.BankServiceImpl.getTransactionsByAccountNumberAndDateBetween' with attribute: PROPAGATION_REQUIRED,ISOLATION_DEFAULT,readOnly
2022-02-12 00:21:48.190  INFO 15272 --- [main] o.s.s.web.DefaultSecurityFilterChain     : Will secure any request with [org.springframework.security.web.context.request.async.WebAsyncManagerIntegrationFilter@4bf89d3d, org.springframework.security.web.context.SecurityContextPersistenceFilter@1f7fcec2, org.springframework.security.web.header.HeaderWriterFilter@1c5cd2ea, org.springframework.security.web.authentication.logout.LogoutFilter@77ebc9e6, org.springframework.security.web.authentication.www.BasicAuthenticationFilter@35840ecc, org.springframework.security.web.savedrequest.RequestCacheAwareFilter@7a71ebf1, org.springframework.security.web.servletapi.SecurityContextHolderAwareRequestFilter@615e7fe7, org.springframework.security.web.authentication.AnonymousAuthenticationFilter@457b8fc3, org.springframework.security.web.session.SessionManagementFilter@4f9980e1, org.springframework.security.web.access.ExceptionTranslationFilter@40c6d1ef, org.springframework.security.web.access.intercept.FilterSecurityInterceptor@141229f6]
2022-02-12 00:21:48.476  INFO 15272 --- [main] o.s.b.w.embedded.tomcat.TomcatWebServer  : Tomcat started on port(s): 8081 (http) with context path '/bank-service'
2022-02-12 00:21:48.488  INFO 15272 --- [main] c.e.bankservice.BankServiceApplication   : Started BankServiceApplication in 4.316 seconds (JVM running for 4.686)
2022-02-12 00:22:34.518  INFO 2388 --- [main] c.e.bankservice.BankServiceApplication   : Starting BankServiceApplication using Java 11.0.9 on POSI-PC with PID 2388 (C:\Users\POSI\Desktop\atm-emulator\bank-service\build\classes\java\main started by POSI in C:\Users\POSI\Desktop\atm-emulator\bank-service)
2022-02-12 00:22:34.520  INFO 2388 --- [main] c.e.bankservice.BankServiceApplication   : No active profile set, falling back to default profiles: default
2022-02-12 00:22:35.094  INFO 2388 --- [main] .s.d.r.c.RepositoryConfigurationDelegate : Bootstrapping Spring Data JPA repositories in DEFAULT mode.
2022-02-12 00:22:35.147  INFO 2388 --- [main] .s.d.r.c.RepositoryConfigurationDelegate : Finished Spring Data repository scanning in 47 ms. Found 2 JPA repository interfaces.
2022-02-12 00:22:35.756  INFO 2388 --- [main] o.s.b.w.embedded.tomcat.TomcatWebServer  : Tomcat initialized with port(s): 8081 (http)
2022-02-12 00:22:35.764  INFO 2388 --- [main] o.apache.catalina.core.StandardService   : Starting service [Tomcat]
2022-02-12 00:22:35.765  INFO 2388 --- [main] org.apache.catalina.core.StandardEngine  : Starting Servlet engine: [Apache Tomcat/9.0.56]
2022-02-12 00:22:35.841  INFO 2388 --- [main] o.a.c.c.C.[.[localhost].[/bank-service]  : Initializing Spring embedded WebApplicationContext
2022-02-12 00:22:35.841  INFO 2388 --- [main] w.s.c.ServletWebServerApplicationContext : Root WebApplicationContext: initialization completed in 1281 ms
2022-02-12 00:22:35.915  INFO 2388 --- [main] com.zaxxer.hikari.HikariDataSource       : HikariPool-1 - Starting...
2022-02-12 00:22:36.175  INFO 2388 --- [main] com.zaxxer.hikari.HikariDataSource       : HikariPool-1 - Start completed.
2022-02-12 00:22:36.290  INFO 2388 --- [main] o.hibernate.jpa.internal.util.LogHelper  : HHH000204: Processing PersistenceUnitInfo [name: default]
2022-02-12 00:22:36.337  INFO 2388 --- [main] org.hibernate.Version                    : HHH000412: Hibernate ORM core version 5.6.4.Final
2022-02-12 00:22:36.471  INFO 2388 --- [main] o.hibernate.annotations.common.Version   : HCANN000001: Hibernate Commons Annotations {5.1.2.Final}
2022-02-12 00:22:36.572  INFO 2388 --- [main] org.hibernate.dialect.Dialect            : HHH000400: Using dialect: org.hibernate.dialect.MySQL8Dialect
2022-02-12 00:22:37.029  INFO 2388 --- [main] o.h.e.t.j.p.i.JtaPlatformInitiator       : HHH000490: Using JtaPlatform implementation: [org.hibernate.engine.transaction.jta.platform.internal.NoJtaPlatform]
2022-02-12 00:22:37.036  INFO 2388 --- [main] j.LocalContainerEntityManagerFactoryBean : Initialized JPA EntityManagerFactory for persistence unit 'default'
2022-02-12 00:22:37.075  WARN 2388 --- [main] JpaBaseConfiguration$JpaWebConfiguration : spring.jpa.open-in-view is enabled by default. Therefore, database queries may be performed during view rendering. Explicitly configure spring.jpa.open-in-view to disable this warning
2022-02-12 00:22:37.346 TRACE 2388 --- [main] t.a.AnnotationTransactionAttributeSource : Adding transactional method 'com.emulator.bankservice.service.impl.BankServiceImpl.auth' with attribute: PROPAGATION_REQUIRED,ISOLATION_DEFAULT,readOnly
2022-02-12 00:22:37.354 TRACE 2388 --- [main] t.a.AnnotationTransactionAttributeSource : Adding transactional method 'com.emulator.bankservice.service.impl.BankServiceImpl.getTransactionsByAccountNumberAndDateBetween' with attribute: PROPAGATION_REQUIRED,ISOLATION_DEFAULT,readOnly
2022-02-12 00:22:37.354 TRACE 2388 --- [main] t.a.AnnotationTransactionAttributeSource : Adding transactional method 'com.emulator.bankservice.service.impl.BankServiceImpl.deposit' with attribute: PROPAGATION_REQUIRES_NEW,ISOLATION_DEFAULT
2022-02-12 00:22:37.355 TRACE 2388 --- [main] t.a.AnnotationTransactionAttributeSource : Adding transactional method 'com.emulator.bankservice.service.impl.BankServiceImpl.withdraw' with attribute: PROPAGATION_REQUIRES_NEW,ISOLATION_DEFAULT
2022-02-12 00:22:37.355 TRACE 2388 --- [main] t.a.AnnotationTransactionAttributeSource : Adding transactional method 'com.emulator.bankservice.service.impl.BankServiceImpl.getBalance' with attribute: PROPAGATION_REQUIRED,ISOLATION_DEFAULT,readOnly
2022-02-12 00:22:37.355 TRACE 2388 --- [main] t.a.AnnotationTransactionAttributeSource : Adding transactional method 'com.emulator.bankservice.service.impl.BankServiceImpl.checkIfUserExists' with attribute: PROPAGATION_REQUIRED,ISOLATION_DEFAULT,readOnly
2022-02-12 00:22:37.474  INFO 2388 --- [main] o.s.s.web.DefaultSecurityFilterChain     : Will secure any request with [org.springframework.security.web.context.request.async.WebAsyncManagerIntegrationFilter@5eba9e41, org.springframework.security.web.context.SecurityContextPersistenceFilter@51c6e775, org.springframework.security.web.header.HeaderWriterFilter@403cff1c, org.springframework.security.web.authentication.logout.LogoutFilter@5810772a, org.springframework.security.web.authentication.www.BasicAuthenticationFilter@3130ca39, org.springframework.security.web.savedrequest.RequestCacheAwareFilter@6c8d638a, org.springframework.security.web.servletapi.SecurityContextHolderAwareRequestFilter@7df5549e, org.springframework.security.web.authentication.AnonymousAuthenticationFilter@13809363, org.springframework.security.web.session.SessionManagementFilter@34ede267, org.springframework.security.web.access.ExceptionTranslationFilter@42f2cae8, org.springframework.security.web.access.intercept.FilterSecurityInterceptor@7c8689e]
2022-02-12 00:22:37.755  INFO 2388 --- [main] o.s.b.w.embedded.tomcat.TomcatWebServer  : Tomcat started on port(s): 8081 (http) with context path '/bank-service'
2022-02-12 00:22:37.764  INFO 2388 --- [main] c.e.bankservice.BankServiceApplication   : Started BankServiceApplication in 3.636 seconds (JVM running for 3.998)
2022-02-12 00:23:16.710  INFO 10280 --- [main] c.e.bankservice.BankServiceApplication   : Starting BankServiceApplication using Java 11.0.9 on POSI-PC with PID 10280 (C:\Users\POSI\Desktop\atm-emulator\bank-service\build\classes\java\main started by POSI in C:\Users\POSI\Desktop\atm-emulator\bank-service)
2022-02-12 00:23:16.712  INFO 10280 --- [main] c.e.bankservice.BankServiceApplication   : No active profile set, falling back to default profiles: default
2022-02-12 00:23:17.419  INFO 10280 --- [main] .s.d.r.c.RepositoryConfigurationDelegate : Bootstrapping Spring Data JPA repositories in DEFAULT mode.
2022-02-12 00:23:17.476  INFO 10280 --- [main] .s.d.r.c.RepositoryConfigurationDelegate : Finished Spring Data repository scanning in 49 ms. Found 2 JPA repository interfaces.
2022-02-12 00:23:18.161  INFO 10280 --- [main] o.s.b.w.embedded.tomcat.TomcatWebServer  : Tomcat initialized with port(s): 8081 (http)
2022-02-12 00:23:18.173  INFO 10280 --- [main] o.apache.catalina.core.StandardService   : Starting service [Tomcat]
2022-02-12 00:23:18.174  INFO 10280 --- [main] org.apache.catalina.core.StandardEngine  : Starting Servlet engine: [Apache Tomcat/9.0.56]
2022-02-12 00:23:18.265  INFO 10280 --- [main] o.a.c.c.C.[.[localhost].[/bank-service]  : Initializing Spring embedded WebApplicationContext
2022-02-12 00:23:18.266  INFO 10280 --- [main] w.s.c.ServletWebServerApplicationContext : Root WebApplicationContext: initialization completed in 1519 ms
2022-02-12 00:23:18.346  INFO 10280 --- [main] com.zaxxer.hikari.HikariDataSource       : HikariPool-1 - Starting...
2022-02-12 00:23:18.658  INFO 10280 --- [main] com.zaxxer.hikari.HikariDataSource       : HikariPool-1 - Start completed.
2022-02-12 00:23:18.690  WARN 10280 --- [main] ConfigServletWebServerApplicationContext : Exception encountered during context initialization - cancelling refresh attempt: org.springframework.beans.factory.BeanCreationException: Error creating bean with name 'scriptDataSourceInitializer' defined in class path resource [org/springframework/boot/autoconfigure/jdbc/DataSourceInitializationConfiguration$SharedCredentialsDataSourceInitializationConfiguration.class]: Invocation of init method failed; nested exception is org.springframework.jdbc.datasource.init.ScriptStatementFailedException: Failed to execute SQL script statement #1 of URL [file:/C:/Users/POSI/Desktop/atm-emulator/bank-service/build/resources/main/data.sql]: INSERT INTO `db`.`user_entity` (`account_number`,`pin`,`card_number`,`finger_print`,`balance`,`version`) VALUES ('5f20ac8d-b05b','123','5488123412341235','bb05b5a8-aa57','0','0'); nested exception is java.sql.SQLIntegrityConstraintViolationException: Duplicate entry '5f20ac8d-b05b' for key 'user_entity.PRIMARY'
2022-02-12 00:23:18.690  INFO 10280 --- [main] com.zaxxer.hikari.HikariDataSource       : HikariPool-1 - Shutdown initiated...
2022-02-12 00:23:18.702  INFO 10280 --- [main] com.zaxxer.hikari.HikariDataSource       : HikariPool-1 - Shutdown completed.
2022-02-12 00:23:18.704  INFO 10280 --- [main] o.apache.catalina.core.StandardService   : Stopping service [Tomcat]
2022-02-12 00:23:18.717  INFO 10280 --- [main] ConditionEvaluationReportLoggingListener : 

Error starting ApplicationContext. To display the conditions report re-run your application with 'debug' enabled.
2022-02-12 00:23:18.754 ERROR 10280 --- [main] o.s.boot.SpringApplication               : Application run failed

org.springframework.beans.factory.BeanCreationException: Error creating bean with name 'scriptDataSourceInitializer' defined in class path resource [org/springframework/boot/autoconfigure/jdbc/DataSourceInitializationConfiguration$SharedCredentialsDataSourceInitializationConfiguration.class]: Invocation of init method failed; nested exception is org.springframework.jdbc.datasource.init.ScriptStatementFailedException: Failed to execute SQL script statement #1 of URL [file:/C:/Users/POSI/Desktop/atm-emulator/bank-service/build/resources/main/data.sql]: INSERT INTO `db`.`user_entity` (`account_number`,`pin`,`card_number`,`finger_print`,`balance`,`version`) VALUES ('5f20ac8d-b05b','123','5488123412341235','bb05b5a8-aa57','0','0'); nested exception is java.sql.SQLIntegrityConstraintViolationException: Duplicate entry '5f20ac8d-b05b' for key 'user_entity.PRIMARY'
	at org.springframework.beans.factory.support.AbstractAutowireCapableBeanFactory.initializeBean(AbstractAutowireCapableBeanFactory.java:1804) ~[spring-beans-5.3.15.jar:5.3.15]
	at org.springframework.beans.factory.support.AbstractAutowireCapableBeanFactory.doCreateBean(AbstractAutowireCapableBeanFactory.java:620) ~[spring-beans-5.3.15.jar:5.3.15]
	at org.springframework.beans.factory.support.AbstractAutowireCapableBeanFactory.createBean(AbstractAutowireCapableBeanFactory.java:542) ~[spring-beans-5.3.15.jar:5.3.15]
	at org.springframework.beans.factory.support.AbstractBeanFactory.lambda$doGetBean$0(AbstractBeanFactory.java:335) ~[spring-beans-5.3.15.jar:5.3.15]
	at org.springframework.beans.factory.support.DefaultSingletonBeanRegistry.getSingleton(DefaultSingletonBeanRegistry.java:234) ~[spring-beans-5.3.15.jar:5.3.15]
	at org.springframework.beans.factory.support.AbstractBeanFactory.doGetBean(AbstractBeanFactory.java:333) ~[spring-beans-5.3.15.jar:5.3.15]
	at org.springframework.beans.factory.support.AbstractBeanFactory.getBean(AbstractBeanFactory.java:208) ~[spring-beans-5.3.15.jar:5.3.15]
	at org.springframework.beans.factory.support.AbstractBeanFactory.doGetBean(AbstractBeanFactory.java:322) ~[spring-beans-5.3.15.jar:5.3.15]
	at org.springframework.beans.factory.support.AbstractBeanFactory.getBean(AbstractBeanFactory.java:208) ~[spring-beans-5.3.15.jar:5.3.15]
	at org.springframework.context.support.AbstractApplicationContext.getBean(AbstractApplicationContext.java:1154) ~[spring-context-5.3.15.jar:5.3.15]
	at org.springframework.context.support.AbstractApplicationContext.finishBeanFactoryInitialization(AbstractApplicationContext.java:908) ~[spring-context-5.3.15.jar:5.3.15]
	at org.springframework.context.support.AbstractApplicationContext.refresh(AbstractApplicationContext.java:583) ~[spring-context-5.3.15.jar:5.3.15]
	at org.springframework.boot.web.servlet.context.ServletWebServerApplicationContext.refresh(ServletWebServerApplicationContext.java:145) ~[spring-boot-2.6.3.jar:2.6.3]
	at org.springframework.boot.SpringApplication.refresh(SpringApplication.java:732) ~[spring-boot-2.6.3.jar:2.6.3]
	at org.springframework.boot.SpringApplication.refreshContext(SpringApplication.java:414) ~[spring-boot-2.6.3.jar:2.6.3]
	at org.springframework.boot.SpringApplication.run(SpringApplication.java:302) ~[spring-boot-2.6.3.jar:2.6.3]
	at org.springframework.boot.SpringApplication.run(SpringApplication.java:1303) ~[spring-boot-2.6.3.jar:2.6.3]
	at org.springframework.boot.SpringApplication.run(SpringApplication.java:1292) ~[spring-boot-2.6.3.jar:2.6.3]
	at com.emulator.bankservice.BankServiceApplication.main(BankServiceApplication.java:12) ~[main/:na]
Caused by: org.springframework.jdbc.datasource.init.ScriptStatementFailedException: Failed to execute SQL script statement #1 of URL [file:/C:/Users/POSI/Desktop/atm-emulator/bank-service/build/resources/main/data.sql]: INSERT INTO `db`.`user_entity` (`account_number`,`pin`,`card_number`,`finger_print`,`balance`,`version`) VALUES ('5f20ac8d-b05b','123','5488123412341235','bb05b5a8-aa57','0','0'); nested exception is java.sql.SQLIntegrityConstraintViolationException: Duplicate entry '5f20ac8d-b05b' for key 'user_entity.PRIMARY'
	at org.springframework.jdbc.datasource.init.ScriptUtils.executeSqlScript(ScriptUtils.java:282) ~[spring-jdbc-5.3.15.jar:5.3.15]
	at org.springframework.jdbc.datasource.init.ResourceDatabasePopulator.populate(ResourceDatabasePopulator.java:254) ~[spring-jdbc-5.3.15.jar:5.3.15]
	at org.springframework.jdbc.datasource.init.DatabasePopulatorUtils.execute(DatabasePopulatorUtils.java:54) ~[spring-jdbc-5.3.15.jar:5.3.15]
	at org.springframework.boot.jdbc.init.DataSourceScriptDatabaseInitializer.runScripts(DataSourceScriptDatabaseInitializer.java:90) ~[spring-boot-2.6.3.jar:2.6.3]
	at org.springframework.boot.sql.init.AbstractScriptDatabaseInitializer.runScripts(AbstractScriptDatabaseInitializer.java:145) ~[spring-boot-2.6.3.jar:2.6.3]
	at org.springframework.boot.sql.init.AbstractScriptDatabaseInitializer.applyScripts(AbstractScriptDatabaseInitializer.java:107) ~[spring-boot-2.6.3.jar:2.6.3]
	at org.springframework.boot.sql.init.AbstractScriptDatabaseInitializer.applyDataScripts(AbstractScriptDatabaseInitializer.java:101) ~[spring-boot-2.6.3.jar:2.6.3]
	at org.springframework.boot.sql.init.AbstractScriptDatabaseInitializer.initializeDatabase(AbstractScriptDatabaseInitializer.java:76) ~[spring-boot-2.6.3.jar:2.6.3]
	at org.springframework.boot.sql.init.AbstractScriptDatabaseInitializer.afterPropertiesSet(AbstractScriptDatabaseInitializer.java:65) ~[spring-boot-2.6.3.jar:2.6.3]
	at org.springframework.beans.factory.support.AbstractAutowireCapableBeanFactory.invokeInitMethods(AbstractAutowireCapableBeanFactory.java:1863) ~[spring-beans-5.3.15.jar:5.3.15]
	at org.springframework.beans.factory.support.AbstractAutowireCapableBeanFactory.initializeBean(AbstractAutowireCapableBeanFactory.java:1800) ~[spring-beans-5.3.15.jar:5.3.15]
	... 18 common frames omitted
Caused by: java.sql.SQLIntegrityConstraintViolationException: Duplicate entry '5f20ac8d-b05b' for key 'user_entity.PRIMARY'
	at com.mysql.cj.jdbc.exceptions.SQLError.createSQLException(SQLError.java:117) ~[mysql-connector-java-8.0.28.jar:8.0.28]
	at com.mysql.cj.jdbc.exceptions.SQLExceptionsMapping.translateException(SQLExceptionsMapping.java:122) ~[mysql-connector-java-8.0.28.jar:8.0.28]
	at com.mysql.cj.jdbc.StatementImpl.executeInternal(StatementImpl.java:763) ~[mysql-connector-java-8.0.28.jar:8.0.28]
	at com.mysql.cj.jdbc.StatementImpl.execute(StatementImpl.java:648) ~[mysql-connector-java-8.0.28.jar:8.0.28]
	at com.zaxxer.hikari.pool.ProxyStatement.execute(ProxyStatement.java:94) ~[HikariCP-4.0.3.jar:na]
	at com.zaxxer.hikari.pool.HikariProxyStatement.execute(HikariProxyStatement.java) ~[HikariCP-4.0.3.jar:na]
	at org.springframework.jdbc.datasource.init.ScriptUtils.executeSqlScript(ScriptUtils.java:261) ~[spring-jdbc-5.3.15.jar:5.3.15]
	... 28 common frames omitted

2022-02-12 00:28:53.446  INFO 11252 --- [main] c.e.bankservice.BankServiceApplication   : Starting BankServiceApplication using Java 11.0.9 on POSI-PC with PID 11252 (C:\Users\POSI\Desktop\atm-emulator\bank-service\build\classes\java\main started by POSI in C:\Users\POSI\Desktop\atm-emulator\bank-service)
2022-02-12 00:28:53.494  INFO 11252 --- [main] c.e.bankservice.BankServiceApplication   : No active profile set, falling back to default profiles: default
2022-02-12 00:28:54.822  INFO 11252 --- [main] .s.d.r.c.RepositoryConfigurationDelegate : Bootstrapping Spring Data JPA repositories in DEFAULT mode.
2022-02-12 00:28:54.913  INFO 11252 --- [main] .s.d.r.c.RepositoryConfigurationDelegate : Finished Spring Data repository scanning in 74 ms. Found 2 JPA repository interfaces.
2022-02-12 00:28:55.790  INFO 11252 --- [main] o.s.b.w.embedded.tomcat.TomcatWebServer  : Tomcat initialized with port(s): 8081 (http)
2022-02-12 00:28:55.802  INFO 11252 --- [main] o.apache.catalina.core.StandardService   : Starting service [Tomcat]
2022-02-12 00:28:55.803  INFO 11252 --- [main] org.apache.catalina.core.StandardEngine  : Starting Servlet engine: [Apache Tomcat/9.0.56]
2022-02-12 00:28:55.934  INFO 11252 --- [main] o.a.c.c.C.[.[localhost].[/bank-service]  : Initializing Spring embedded WebApplicationContext
2022-02-12 00:28:55.935  INFO 11252 --- [main] w.s.c.ServletWebServerApplicationContext : Root WebApplicationContext: initialization completed in 2317 ms
2022-02-12 00:28:56.035  INFO 11252 --- [main] com.zaxxer.hikari.HikariDataSource       : HikariPool-1 - Starting...
2022-02-12 00:28:56.552  INFO 11252 --- [main] com.zaxxer.hikari.HikariDataSource       : HikariPool-1 - Start completed.
2022-02-12 00:28:56.589  WARN 11252 --- [main] ConfigServletWebServerApplicationContext : Exception encountered during context initialization - cancelling refresh attempt: org.springframework.beans.factory.BeanCreationException: Error creating bean with name 'scriptDataSourceInitializer' defined in class path resource [org/springframework/boot/autoconfigure/jdbc/DataSourceInitializationConfiguration$SharedCredentialsDataSourceInitializationConfiguration.class]: Invocation of init method failed; nested exception is org.springframework.jdbc.datasource.init.ScriptStatementFailedException: Failed to execute SQL script statement #1 of URL [file:/C:/Users/POSI/Desktop/atm-emulator/bank-service/build/resources/main/data.sql]: INSERT INSERT IGNORE INTO `db`.`user_entity` (`account_number`,`pin`,`card_number`,`finger_print`,`balance`,`version`) VALUES ('5f20ac8d-b05b','123','5488123412341235','bb05b5a8-aa57','0','0'); nested exception is java.sql.SQLSyntaxErrorException: You have an error in your SQL syntax; check the manual that corresponds to your MySQL server version for the right syntax to use near 'INSERT IGNORE INTO `db`.`user_entity` (`account_number`,`pin`,`card_number`,`fin' at line 1
2022-02-12 00:28:56.589  INFO 11252 --- [main] com.zaxxer.hikari.HikariDataSource       : HikariPool-1 - Shutdown initiated...
2022-02-12 00:28:56.596  INFO 11252 --- [main] com.zaxxer.hikari.HikariDataSource       : HikariPool-1 - Shutdown completed.
2022-02-12 00:28:56.599  INFO 11252 --- [main] o.apache.catalina.core.StandardService   : Stopping service [Tomcat]
2022-02-12 00:28:56.612  INFO 11252 --- [main] ConditionEvaluationReportLoggingListener : 

Error starting ApplicationContext. To display the conditions report re-run your application with 'debug' enabled.
2022-02-12 00:28:56.651 ERROR 11252 --- [main] o.s.boot.SpringApplication               : Application run failed

org.springframework.beans.factory.BeanCreationException: Error creating bean with name 'scriptDataSourceInitializer' defined in class path resource [org/springframework/boot/autoconfigure/jdbc/DataSourceInitializationConfiguration$SharedCredentialsDataSourceInitializationConfiguration.class]: Invocation of init method failed; nested exception is org.springframework.jdbc.datasource.init.ScriptStatementFailedException: Failed to execute SQL script statement #1 of URL [file:/C:/Users/POSI/Desktop/atm-emulator/bank-service/build/resources/main/data.sql]: INSERT INSERT IGNORE INTO `db`.`user_entity` (`account_number`,`pin`,`card_number`,`finger_print`,`balance`,`version`) VALUES ('5f20ac8d-b05b','123','5488123412341235','bb05b5a8-aa57','0','0'); nested exception is java.sql.SQLSyntaxErrorException: You have an error in your SQL syntax; check the manual that corresponds to your MySQL server version for the right syntax to use near 'INSERT IGNORE INTO `db`.`user_entity` (`account_number`,`pin`,`card_number`,`fin' at line 1
	at org.springframework.beans.factory.support.AbstractAutowireCapableBeanFactory.initializeBean(AbstractAutowireCapableBeanFactory.java:1804) ~[spring-beans-5.3.15.jar:5.3.15]
	at org.springframework.beans.factory.support.AbstractAutowireCapableBeanFactory.doCreateBean(AbstractAutowireCapableBeanFactory.java:620) ~[spring-beans-5.3.15.jar:5.3.15]
	at org.springframework.beans.factory.support.AbstractAutowireCapableBeanFactory.createBean(AbstractAutowireCapableBeanFactory.java:542) ~[spring-beans-5.3.15.jar:5.3.15]
	at org.springframework.beans.factory.support.AbstractBeanFactory.lambda$doGetBean$0(AbstractBeanFactory.java:335) ~[spring-beans-5.3.15.jar:5.3.15]
	at org.springframework.beans.factory.support.DefaultSingletonBeanRegistry.getSingleton(DefaultSingletonBeanRegistry.java:234) ~[spring-beans-5.3.15.jar:5.3.15]
	at org.springframework.beans.factory.support.AbstractBeanFactory.doGetBean(AbstractBeanFactory.java:333) ~[spring-beans-5.3.15.jar:5.3.15]
	at org.springframework.beans.factory.support.AbstractBeanFactory.getBean(AbstractBeanFactory.java:208) ~[spring-beans-5.3.15.jar:5.3.15]
	at org.springframework.beans.factory.support.AbstractBeanFactory.doGetBean(AbstractBeanFactory.java:322) ~[spring-beans-5.3.15.jar:5.3.15]
	at org.springframework.beans.factory.support.AbstractBeanFactory.getBean(AbstractBeanFactory.java:208) ~[spring-beans-5.3.15.jar:5.3.15]
	at org.springframework.context.support.AbstractApplicationContext.getBean(AbstractApplicationContext.java:1154) ~[spring-context-5.3.15.jar:5.3.15]
	at org.springframework.context.support.AbstractApplicationContext.finishBeanFactoryInitialization(AbstractApplicationContext.java:908) ~[spring-context-5.3.15.jar:5.3.15]
	at org.springframework.context.support.AbstractApplicationContext.refresh(AbstractApplicationContext.java:583) ~[spring-context-5.3.15.jar:5.3.15]
	at org.springframework.boot.web.servlet.context.ServletWebServerApplicationContext.refresh(ServletWebServerApplicationContext.java:145) ~[spring-boot-2.6.3.jar:2.6.3]
	at org.springframework.boot.SpringApplication.refresh(SpringApplication.java:732) ~[spring-boot-2.6.3.jar:2.6.3]
	at org.springframework.boot.SpringApplication.refreshContext(SpringApplication.java:414) ~[spring-boot-2.6.3.jar:2.6.3]
	at org.springframework.boot.SpringApplication.run(SpringApplication.java:302) ~[spring-boot-2.6.3.jar:2.6.3]
	at org.springframework.boot.SpringApplication.run(SpringApplication.java:1303) ~[spring-boot-2.6.3.jar:2.6.3]
	at org.springframework.boot.SpringApplication.run(SpringApplication.java:1292) ~[spring-boot-2.6.3.jar:2.6.3]
	at com.emulator.bankservice.BankServiceApplication.main(BankServiceApplication.java:12) ~[main/:na]
Caused by: org.springframework.jdbc.datasource.init.ScriptStatementFailedException: Failed to execute SQL script statement #1 of URL [file:/C:/Users/POSI/Desktop/atm-emulator/bank-service/build/resources/main/data.sql]: INSERT INSERT IGNORE INTO `db`.`user_entity` (`account_number`,`pin`,`card_number`,`finger_print`,`balance`,`version`) VALUES ('5f20ac8d-b05b','123','5488123412341235','bb05b5a8-aa57','0','0'); nested exception is java.sql.SQLSyntaxErrorException: You have an error in your SQL syntax; check the manual that corresponds to your MySQL server version for the right syntax to use near 'INSERT IGNORE INTO `db`.`user_entity` (`account_number`,`pin`,`card_number`,`fin' at line 1
	at org.springframework.jdbc.datasource.init.ScriptUtils.executeSqlScript(ScriptUtils.java:282) ~[spring-jdbc-5.3.15.jar:5.3.15]
	at org.springframework.jdbc.datasource.init.ResourceDatabasePopulator.populate(ResourceDatabasePopulator.java:254) ~[spring-jdbc-5.3.15.jar:5.3.15]
	at org.springframework.jdbc.datasource.init.DatabasePopulatorUtils.execute(DatabasePopulatorUtils.java:54) ~[spring-jdbc-5.3.15.jar:5.3.15]
	at org.springframework.boot.jdbc.init.DataSourceScriptDatabaseInitializer.runScripts(DataSourceScriptDatabaseInitializer.java:90) ~[spring-boot-2.6.3.jar:2.6.3]
	at org.springframework.boot.sql.init.AbstractScriptDatabaseInitializer.runScripts(AbstractScriptDatabaseInitializer.java:145) ~[spring-boot-2.6.3.jar:2.6.3]
	at org.springframework.boot.sql.init.AbstractScriptDatabaseInitializer.applyScripts(AbstractScriptDatabaseInitializer.java:107) ~[spring-boot-2.6.3.jar:2.6.3]
	at org.springframework.boot.sql.init.AbstractScriptDatabaseInitializer.applyDataScripts(AbstractScriptDatabaseInitializer.java:101) ~[spring-boot-2.6.3.jar:2.6.3]
	at org.springframework.boot.sql.init.AbstractScriptDatabaseInitializer.initializeDatabase(AbstractScriptDatabaseInitializer.java:76) ~[spring-boot-2.6.3.jar:2.6.3]
	at org.springframework.boot.sql.init.AbstractScriptDatabaseInitializer.afterPropertiesSet(AbstractScriptDatabaseInitializer.java:65) ~[spring-boot-2.6.3.jar:2.6.3]
	at org.springframework.beans.factory.support.AbstractAutowireCapableBeanFactory.invokeInitMethods(AbstractAutowireCapableBeanFactory.java:1863) ~[spring-beans-5.3.15.jar:5.3.15]
	at org.springframework.beans.factory.support.AbstractAutowireCapableBeanFactory.initializeBean(AbstractAutowireCapableBeanFactory.java:1800) ~[spring-beans-5.3.15.jar:5.3.15]
	... 18 common frames omitted
Caused by: java.sql.SQLSyntaxErrorException: You have an error in your SQL syntax; check the manual that corresponds to your MySQL server version for the right syntax to use near 'INSERT IGNORE INTO `db`.`user_entity` (`account_number`,`pin`,`card_number`,`fin' at line 1
	at com.mysql.cj.jdbc.exceptions.SQLError.createSQLException(SQLError.java:120) ~[mysql-connector-java-8.0.28.jar:8.0.28]
	at com.mysql.cj.jdbc.exceptions.SQLExceptionsMapping.translateException(SQLExceptionsMapping.java:122) ~[mysql-connector-java-8.0.28.jar:8.0.28]
	at com.mysql.cj.jdbc.StatementImpl.executeInternal(StatementImpl.java:763) ~[mysql-connector-java-8.0.28.jar:8.0.28]
	at com.mysql.cj.jdbc.StatementImpl.execute(StatementImpl.java:648) ~[mysql-connector-java-8.0.28.jar:8.0.28]
	at com.zaxxer.hikari.pool.ProxyStatement.execute(ProxyStatement.java:94) ~[HikariCP-4.0.3.jar:na]
	at com.zaxxer.hikari.pool.HikariProxyStatement.execute(HikariProxyStatement.java) ~[HikariCP-4.0.3.jar:na]
	at org.springframework.jdbc.datasource.init.ScriptUtils.executeSqlScript(ScriptUtils.java:261) ~[spring-jdbc-5.3.15.jar:5.3.15]
	... 28 common frames omitted

2022-02-12 00:29:20.127  INFO 4180 --- [main] c.e.bankservice.BankServiceApplication   : Starting BankServiceApplication using Java 11.0.9 on POSI-PC with PID 4180 (C:\Users\POSI\Desktop\atm-emulator\bank-service\build\classes\java\main started by POSI in C:\Users\POSI\Desktop\atm-emulator\bank-service)
2022-02-12 00:29:20.130  INFO 4180 --- [main] c.e.bankservice.BankServiceApplication   : No active profile set, falling back to default profiles: default
2022-02-12 00:29:20.789  INFO 4180 --- [main] .s.d.r.c.RepositoryConfigurationDelegate : Bootstrapping Spring Data JPA repositories in DEFAULT mode.
2022-02-12 00:29:20.848  INFO 4180 --- [main] .s.d.r.c.RepositoryConfigurationDelegate : Finished Spring Data repository scanning in 52 ms. Found 2 JPA repository interfaces.
2022-02-12 00:29:21.548  INFO 4180 --- [main] o.s.b.w.embedded.tomcat.TomcatWebServer  : Tomcat initialized with port(s): 8081 (http)
2022-02-12 00:29:21.561  INFO 4180 --- [main] o.apache.catalina.core.StandardService   : Starting service [Tomcat]
2022-02-12 00:29:21.562  INFO 4180 --- [main] org.apache.catalina.core.StandardEngine  : Starting Servlet engine: [Apache Tomcat/9.0.56]
2022-02-12 00:29:21.673  INFO 4180 --- [main] o.a.c.c.C.[.[localhost].[/bank-service]  : Initializing Spring embedded WebApplicationContext
2022-02-12 00:29:21.674  INFO 4180 --- [main] w.s.c.ServletWebServerApplicationContext : Root WebApplicationContext: initialization completed in 1497 ms
2022-02-12 00:29:21.774  INFO 4180 --- [main] com.zaxxer.hikari.HikariDataSource       : HikariPool-1 - Starting...
2022-02-12 00:29:22.086  INFO 4180 --- [main] com.zaxxer.hikari.HikariDataSource       : HikariPool-1 - Start completed.
2022-02-12 00:29:22.234  INFO 4180 --- [main] o.hibernate.jpa.internal.util.LogHelper  : HHH000204: Processing PersistenceUnitInfo [name: default]
2022-02-12 00:29:22.318  INFO 4180 --- [main] org.hibernate.Version                    : HHH000412: Hibernate ORM core version 5.6.4.Final
2022-02-12 00:29:22.501  INFO 4180 --- [main] o.hibernate.annotations.common.Version   : HCANN000001: Hibernate Commons Annotations {5.1.2.Final}
2022-02-12 00:29:22.629  INFO 4180 --- [main] org.hibernate.dialect.Dialect            : HHH000400: Using dialect: org.hibernate.dialect.MySQL8Dialect
2022-02-12 00:29:23.249  INFO 4180 --- [main] o.h.e.t.j.p.i.JtaPlatformInitiator       : HHH000490: Using JtaPlatform implementation: [org.hibernate.engine.transaction.jta.platform.internal.NoJtaPlatform]
2022-02-12 00:29:23.262  INFO 4180 --- [main] j.LocalContainerEntityManagerFactoryBean : Initialized JPA EntityManagerFactory for persistence unit 'default'
2022-02-12 00:29:23.309  WARN 4180 --- [main] JpaBaseConfiguration$JpaWebConfiguration : spring.jpa.open-in-view is enabled by default. Therefore, database queries may be performed during view rendering. Explicitly configure spring.jpa.open-in-view to disable this warning
2022-02-12 00:29:23.659 TRACE 4180 --- [main] t.a.AnnotationTransactionAttributeSource : Adding transactional method 'com.emulator.bankservice.service.impl.BankServiceImpl.getTransactionsByAccountNumberAndDateBetween' with attribute: PROPAGATION_REQUIRED,ISOLATION_DEFAULT,readOnly
2022-02-12 00:29:23.669 TRACE 4180 --- [main] t.a.AnnotationTransactionAttributeSource : Adding transactional method 'com.emulator.bankservice.service.impl.BankServiceImpl.deposit' with attribute: PROPAGATION_REQUIRES_NEW,ISOLATION_DEFAULT
2022-02-12 00:29:23.670 TRACE 4180 --- [main] t.a.AnnotationTransactionAttributeSource : Adding transactional method 'com.emulator.bankservice.service.impl.BankServiceImpl.checkIfUserExists' with attribute: PROPAGATION_REQUIRED,ISOLATION_DEFAULT,readOnly
2022-02-12 00:29:23.670 TRACE 4180 --- [main] t.a.AnnotationTransactionAttributeSource : Adding transactional method 'com.emulator.bankservice.service.impl.BankServiceImpl.getBalance' with attribute: PROPAGATION_REQUIRED,ISOLATION_DEFAULT,readOnly
2022-02-12 00:29:23.670 TRACE 4180 --- [main] t.a.AnnotationTransactionAttributeSource : Adding transactional method 'com.emulator.bankservice.service.impl.BankServiceImpl.withdraw' with attribute: PROPAGATION_REQUIRES_NEW,ISOLATION_DEFAULT
2022-02-12 00:29:23.671 TRACE 4180 --- [main] t.a.AnnotationTransactionAttributeSource : Adding transactional method 'com.emulator.bankservice.service.impl.BankServiceImpl.auth' with attribute: PROPAGATION_REQUIRED,ISOLATION_DEFAULT,readOnly
2022-02-12 00:29:23.876  INFO 4180 --- [main] o.s.s.web.DefaultSecurityFilterChain     : Will secure any request with [org.springframework.security.web.context.request.async.WebAsyncManagerIntegrationFilter@526fc044, org.springframework.security.web.context.SecurityContextPersistenceFilter@77ebc9e6, org.springframework.security.web.header.HeaderWriterFilter@56976b8b, org.springframework.security.web.authentication.logout.LogoutFilter@51e0f2eb, org.springframework.security.web.authentication.www.BasicAuthenticationFilter@5eba9e41, org.springframework.security.web.savedrequest.RequestCacheAwareFilter@52e92f6, org.springframework.security.web.servletapi.SecurityContextHolderAwareRequestFilter@188ae8d2, org.springframework.security.web.authentication.AnonymousAuthenticationFilter@45635ae1, org.springframework.security.web.session.SessionManagementFilter@6c8d638a, org.springframework.security.web.access.ExceptionTranslationFilter@403cff1c, org.springframework.security.web.access.intercept.FilterSecurityInterceptor@5bf4dfb]
2022-02-12 00:29:24.241  INFO 4180 --- [main] o.s.b.w.embedded.tomcat.TomcatWebServer  : Tomcat started on port(s): 8081 (http) with context path '/bank-service'
2022-02-12 00:29:24.249  INFO 4180 --- [main] c.e.bankservice.BankServiceApplication   : Started BankServiceApplication in 4.57 seconds (JVM running for 5.1)
2022-02-12 00:31:54.862  INFO 9320 --- [main] c.e.bankservice.BankServiceApplication   : Starting BankServiceApplication using Java 11.0.9 on POSI-PC with PID 9320 (C:\Users\POSI\Desktop\atm-emulator\bank-service\build\classes\java\main started by POSI in C:\Users\POSI\Desktop\atm-emulator\bank-service)
2022-02-12 00:31:54.865  INFO 9320 --- [main] c.e.bankservice.BankServiceApplication   : No active profile set, falling back to default profiles: default
2022-02-12 00:31:55.633  INFO 9320 --- [main] .s.d.r.c.RepositoryConfigurationDelegate : Bootstrapping Spring Data JPA repositories in DEFAULT mode.
2022-02-12 00:31:55.695  INFO 9320 --- [main] .s.d.r.c.RepositoryConfigurationDelegate : Finished Spring Data repository scanning in 55 ms. Found 2 JPA repository interfaces.
2022-02-12 00:31:56.535  INFO 9320 --- [main] o.s.b.w.embedded.tomcat.TomcatWebServer  : Tomcat initialized with port(s): 8081 (http)
2022-02-12 00:31:56.545  INFO 9320 --- [main] o.apache.catalina.core.StandardService   : Starting service [Tomcat]
2022-02-12 00:31:56.546  INFO 9320 --- [main] org.apache.catalina.core.StandardEngine  : Starting Servlet engine: [Apache Tomcat/9.0.56]
2022-02-12 00:31:56.657  INFO 9320 --- [main] o.a.c.c.C.[.[localhost].[/bank-service]  : Initializing Spring embedded WebApplicationContext
2022-02-12 00:31:56.658  INFO 9320 --- [main] w.s.c.ServletWebServerApplicationContext : Root WebApplicationContext: initialization completed in 1743 ms
2022-02-12 00:31:56.744  INFO 9320 --- [main] com.zaxxer.hikari.HikariDataSource       : HikariPool-1 - Starting...
2022-02-12 00:31:57.074  INFO 9320 --- [main] com.zaxxer.hikari.HikariDataSource       : HikariPool-1 - Start completed.
2022-02-12 00:31:57.190  INFO 9320 --- [main] o.hibernate.jpa.internal.util.LogHelper  : HHH000204: Processing PersistenceUnitInfo [name: default]
2022-02-12 00:31:57.247  INFO 9320 --- [main] org.hibernate.Version                    : HHH000412: Hibernate ORM core version 5.6.4.Final
2022-02-12 00:31:57.415  INFO 9320 --- [main] o.hibernate.annotations.common.Version   : HCANN000001: Hibernate Commons Annotations {5.1.2.Final}
2022-02-12 00:31:57.528  INFO 9320 --- [main] org.hibernate.dialect.Dialect            : HHH000400: Using dialect: org.hibernate.dialect.MySQL8Dialect
2022-02-12 00:31:58.104  WARN 9320 --- [main] o.h.t.s.i.ExceptionHandlerLoggedImpl     : GenerationTarget encountered exception accepting command : Error executing DDL "alter table user_transaction_entity drop foreign key FKhajp8jtm5gj45w7608gutuwes" via JDBC Statement

org.hibernate.tool.schema.spi.CommandAcceptanceException: Error executing DDL "alter table user_transaction_entity drop foreign key FKhajp8jtm5gj45w7608gutuwes" via JDBC Statement
	at org.hibernate.tool.schema.internal.exec.GenerationTargetToDatabase.accept(GenerationTargetToDatabase.java:67) ~[hibernate-core-5.6.4.Final.jar:5.6.4.Final]
	at org.hibernate.tool.schema.internal.SchemaDropperImpl.applySqlString(SchemaDropperImpl.java:387) ~[hibernate-core-5.6.4.Final.jar:5.6.4.Final]
	at org.hibernate.tool.schema.internal.SchemaDropperImpl.applySqlStrings(SchemaDropperImpl.java:371) ~[hibernate-core-5.6.4.Final.jar:5.6.4.Final]
	at org.hibernate.tool.schema.internal.SchemaDropperImpl.applyConstraintDropping(SchemaDropperImpl.java:341) ~[hibernate-core-5.6.4.Final.jar:5.6.4.Final]
	at org.hibernate.tool.schema.internal.SchemaDropperImpl.dropFromMetadata(SchemaDropperImpl.java:235) ~[hibernate-core-5.6.4.Final.jar:5.6.4.Final]
	at org.hibernate.tool.schema.internal.SchemaDropperImpl.performDrop(SchemaDropperImpl.java:156) ~[hibernate-core-5.6.4.Final.jar:5.6.4.Final]
	at org.hibernate.tool.schema.internal.SchemaDropperImpl.doDrop(SchemaDropperImpl.java:128) ~[hibernate-core-5.6.4.Final.jar:5.6.4.Final]
	at org.hibernate.tool.schema.internal.SchemaDropperImpl.doDrop(SchemaDropperImpl.java:114) ~[hibernate-core-5.6.4.Final.jar:5.6.4.Final]
	at org.hibernate.tool.schema.spi.SchemaManagementToolCoordinator.performDatabaseAction(SchemaManagementToolCoordinator.java:153) ~[hibernate-core-5.6.4.Final.jar:5.6.4.Final]
	at org.hibernate.tool.schema.spi.SchemaManagementToolCoordinator.process(SchemaManagementToolCoordinator.java:81) ~[hibernate-core-5.6.4.Final.jar:5.6.4.Final]
	at org.hibernate.internal.SessionFactoryImpl.<init>(SessionFactoryImpl.java:335) ~[hibernate-core-5.6.4.Final.jar:5.6.4.Final]
	at org.hibernate.boot.internal.SessionFactoryBuilderImpl.build(SessionFactoryBuilderImpl.java:471) ~[hibernate-core-5.6.4.Final.jar:5.6.4.Final]
	at org.hibernate.jpa.boot.internal.EntityManagerFactoryBuilderImpl.build(EntityManagerFactoryBuilderImpl.java:1498) ~[hibernate-core-5.6.4.Final.jar:5.6.4.Final]
	at org.springframework.orm.jpa.vendor.SpringHibernateJpaPersistenceProvider.createContainerEntityManagerFactory(SpringHibernateJpaPersistenceProvider.java:58) ~[spring-orm-5.3.15.jar:5.3.15]
	at org.springframework.orm.jpa.LocalContainerEntityManagerFactoryBean.createNativeEntityManagerFactory(LocalContainerEntityManagerFactoryBean.java:365) ~[spring-orm-5.3.15.jar:5.3.15]
	at org.springframework.orm.jpa.AbstractEntityManagerFactoryBean.buildNativeEntityManagerFactory(AbstractEntityManagerFactoryBean.java:409) ~[spring-orm-5.3.15.jar:5.3.15]
	at org.springframework.orm.jpa.AbstractEntityManagerFactoryBean.afterPropertiesSet(AbstractEntityManagerFactoryBean.java:396) ~[spring-orm-5.3.15.jar:5.3.15]
	at org.springframework.orm.jpa.LocalContainerEntityManagerFactoryBean.afterPropertiesSet(LocalContainerEntityManagerFactoryBean.java:341) ~[spring-orm-5.3.15.jar:5.3.15]
	at org.springframework.beans.factory.support.AbstractAutowireCapableBeanFactory.invokeInitMethods(AbstractAutowireCapableBeanFactory.java:1863) ~[spring-beans-5.3.15.jar:5.3.15]
	at org.springframework.beans.factory.support.AbstractAutowireCapableBeanFactory.initializeBean(AbstractAutowireCapableBeanFactory.java:1800) ~[spring-beans-5.3.15.jar:5.3.15]
	at org.springframework.beans.factory.support.AbstractAutowireCapableBeanFactory.doCreateBean(AbstractAutowireCapableBeanFactory.java:620) ~[spring-beans-5.3.15.jar:5.3.15]
	at org.springframework.beans.factory.support.AbstractAutowireCapableBeanFactory.createBean(AbstractAutowireCapableBeanFactory.java:542) ~[spring-beans-5.3.15.jar:5.3.15]
	at org.springframework.beans.factory.support.AbstractBeanFactory.lambda$doGetBean$0(AbstractBeanFactory.java:335) ~[spring-beans-5.3.15.jar:5.3.15]
	at org.springframework.beans.factory.support.DefaultSingletonBeanRegistry.getSingleton(DefaultSingletonBeanRegistry.java:234) ~[spring-beans-5.3.15.jar:5.3.15]
	at org.springframework.beans.factory.support.AbstractBeanFactory.doGetBean(AbstractBeanFactory.java:333) ~[spring-beans-5.3.15.jar:5.3.15]
	at org.springframework.beans.factory.support.AbstractBeanFactory.getBean(AbstractBeanFactory.java:208) ~[spring-beans-5.3.15.jar:5.3.15]
	at org.springframework.context.support.AbstractApplicationContext.getBean(AbstractApplicationContext.java:1154) ~[spring-context-5.3.15.jar:5.3.15]
	at org.springframework.context.support.AbstractApplicationContext.finishBeanFactoryInitialization(AbstractApplicationContext.java:908) ~[spring-context-5.3.15.jar:5.3.15]
	at org.springframework.context.support.AbstractApplicationContext.refresh(AbstractApplicationContext.java:583) ~[spring-context-5.3.15.jar:5.3.15]
	at org.springframework.boot.web.servlet.context.ServletWebServerApplicationContext.refresh(ServletWebServerApplicationContext.java:145) ~[spring-boot-2.6.3.jar:2.6.3]
	at org.springframework.boot.SpringApplication.refresh(SpringApplication.java:732) ~[spring-boot-2.6.3.jar:2.6.3]
	at org.springframework.boot.SpringApplication.refreshContext(SpringApplication.java:414) ~[spring-boot-2.6.3.jar:2.6.3]
	at org.springframework.boot.SpringApplication.run(SpringApplication.java:302) ~[spring-boot-2.6.3.jar:2.6.3]
	at org.springframework.boot.SpringApplication.run(SpringApplication.java:1303) ~[spring-boot-2.6.3.jar:2.6.3]
	at org.springframework.boot.SpringApplication.run(SpringApplication.java:1292) ~[spring-boot-2.6.3.jar:2.6.3]
	at com.emulator.bankservice.BankServiceApplication.main(BankServiceApplication.java:12) ~[main/:na]
Caused by: java.sql.SQLSyntaxErrorException: Table 'db.user_transaction_entity' doesn't exist
	at com.mysql.cj.jdbc.exceptions.SQLError.createSQLException(SQLError.java:120) ~[mysql-connector-java-8.0.28.jar:8.0.28]
	at com.mysql.cj.jdbc.exceptions.SQLExceptionsMapping.translateException(SQLExceptionsMapping.java:122) ~[mysql-connector-java-8.0.28.jar:8.0.28]
	at com.mysql.cj.jdbc.StatementImpl.executeInternal(StatementImpl.java:763) ~[mysql-connector-java-8.0.28.jar:8.0.28]
	at com.mysql.cj.jdbc.StatementImpl.execute(StatementImpl.java:648) ~[mysql-connector-java-8.0.28.jar:8.0.28]
	at com.zaxxer.hikari.pool.ProxyStatement.execute(ProxyStatement.java:94) ~[HikariCP-4.0.3.jar:na]
	at com.zaxxer.hikari.pool.HikariProxyStatement.execute(HikariProxyStatement.java) ~[HikariCP-4.0.3.jar:na]
	at org.hibernate.tool.schema.internal.exec.GenerationTargetToDatabase.accept(GenerationTargetToDatabase.java:54) ~[hibernate-core-5.6.4.Final.jar:5.6.4.Final]
	... 35 common frames omitted

2022-02-12 00:31:58.288  INFO 9320 --- [main] o.h.e.t.j.p.i.JtaPlatformInitiator       : HHH000490: Using JtaPlatform implementation: [org.hibernate.engine.transaction.jta.platform.internal.NoJtaPlatform]
2022-02-12 00:31:58.296  INFO 9320 --- [main] j.LocalContainerEntityManagerFactoryBean : Initialized JPA EntityManagerFactory for persistence unit 'default'
2022-02-12 00:31:58.338  WARN 9320 --- [main] JpaBaseConfiguration$JpaWebConfiguration : spring.jpa.open-in-view is enabled by default. Therefore, database queries may be performed during view rendering. Explicitly configure spring.jpa.open-in-view to disable this warning
2022-02-12 00:31:58.707 TRACE 9320 --- [main] t.a.AnnotationTransactionAttributeSource : Adding transactional method 'com.emulator.bankservice.service.impl.BankServiceImpl.auth' with attribute: PROPAGATION_REQUIRED,ISOLATION_DEFAULT,readOnly
2022-02-12 00:31:58.717 TRACE 9320 --- [main] t.a.AnnotationTransactionAttributeSource : Adding transactional method 'com.emulator.bankservice.service.impl.BankServiceImpl.getTransactionsByAccountNumberAndDateBetween' with attribute: PROPAGATION_REQUIRED,ISOLATION_DEFAULT,readOnly
2022-02-12 00:31:58.718 TRACE 9320 --- [main] t.a.AnnotationTransactionAttributeSource : Adding transactional method 'com.emulator.bankservice.service.impl.BankServiceImpl.checkIfUserExists' with attribute: PROPAGATION_REQUIRED,ISOLATION_DEFAULT,readOnly
2022-02-12 00:31:58.718 TRACE 9320 --- [main] t.a.AnnotationTransactionAttributeSource : Adding transactional method 'com.emulator.bankservice.service.impl.BankServiceImpl.withdraw' with attribute: PROPAGATION_REQUIRES_NEW,ISOLATION_DEFAULT
2022-02-12 00:31:58.718 TRACE 9320 --- [main] t.a.AnnotationTransactionAttributeSource : Adding transactional method 'com.emulator.bankservice.service.impl.BankServiceImpl.deposit' with attribute: PROPAGATION_REQUIRES_NEW,ISOLATION_DEFAULT
2022-02-12 00:31:58.719 TRACE 9320 --- [main] t.a.AnnotationTransactionAttributeSource : Adding transactional method 'com.emulator.bankservice.service.impl.BankServiceImpl.getBalance' with attribute: PROPAGATION_REQUIRED,ISOLATION_DEFAULT,readOnly
2022-02-12 00:31:58.884  INFO 9320 --- [main] o.s.s.web.DefaultSecurityFilterChain     : Will secure any request with [org.springframework.security.web.context.request.async.WebAsyncManagerIntegrationFilter@217c6a1e, org.springframework.security.web.context.SecurityContextPersistenceFilter@e890591, org.springframework.security.web.header.HeaderWriterFilter@35cf91df, org.springframework.security.web.authentication.logout.LogoutFilter@66a93b25, org.springframework.security.web.authentication.www.BasicAuthenticationFilter@18ff753c, org.springframework.security.web.savedrequest.RequestCacheAwareFilter@731d0d5c, org.springframework.security.web.servletapi.SecurityContextHolderAwareRequestFilter@60484429, org.springframework.security.web.authentication.AnonymousAuthenticationFilter@3fad8636, org.springframework.security.web.session.SessionManagementFilter@366bf608, org.springframework.security.web.access.ExceptionTranslationFilter@73db7df0, org.springframework.security.web.access.intercept.FilterSecurityInterceptor@7e8783b0]
2022-02-12 00:31:59.275  INFO 9320 --- [main] o.s.b.w.embedded.tomcat.TomcatWebServer  : Tomcat started on port(s): 8081 (http) with context path '/bank-service'
2022-02-12 00:31:59.285  INFO 9320 --- [main] c.e.bankservice.BankServiceApplication   : Started BankServiceApplication in 4.944 seconds (JVM running for 5.448)
2022-02-12 00:36:26.061  INFO 12740 --- [main] c.e.bankservice.BankServiceApplication   : Starting BankServiceApplication using Java 11.0.9 on POSI-PC with PID 12740 (C:\Users\POSI\Desktop\atm-emulator\bank-service\build\classes\java\main started by POSI in C:\Users\POSI\Desktop\atm-emulator\bank-service)
2022-02-12 00:36:26.063  INFO 12740 --- [main] c.e.bankservice.BankServiceApplication   : No active profile set, falling back to default profiles: default
2022-02-12 00:36:26.716  INFO 12740 --- [main] .s.d.r.c.RepositoryConfigurationDelegate : Bootstrapping Spring Data JPA repositories in DEFAULT mode.
2022-02-12 00:36:26.784  INFO 12740 --- [main] .s.d.r.c.RepositoryConfigurationDelegate : Finished Spring Data repository scanning in 60 ms. Found 2 JPA repository interfaces.
2022-02-12 00:36:27.464  INFO 12740 --- [main] o.s.b.w.embedded.tomcat.TomcatWebServer  : Tomcat initialized with port(s): 8081 (http)
2022-02-12 00:36:27.474  INFO 12740 --- [main] o.apache.catalina.core.StandardService   : Starting service [Tomcat]
2022-02-12 00:36:27.474  INFO 12740 --- [main] org.apache.catalina.core.StandardEngine  : Starting Servlet engine: [Apache Tomcat/9.0.56]
2022-02-12 00:36:27.562  INFO 12740 --- [main] o.a.c.c.C.[.[localhost].[/bank-service]  : Initializing Spring embedded WebApplicationContext
2022-02-12 00:36:27.562  INFO 12740 --- [main] w.s.c.ServletWebServerApplicationContext : Root WebApplicationContext: initialization completed in 1451 ms
2022-02-12 00:36:27.653  INFO 12740 --- [main] com.zaxxer.hikari.HikariDataSource       : HikariPool-1 - Starting...
2022-02-12 00:36:27.964  INFO 12740 --- [main] com.zaxxer.hikari.HikariDataSource       : HikariPool-1 - Start completed.
2022-02-12 00:36:28.062  INFO 12740 --- [main] o.hibernate.jpa.internal.util.LogHelper  : HHH000204: Processing PersistenceUnitInfo [name: default]
2022-02-12 00:36:28.107  INFO 12740 --- [main] org.hibernate.Version                    : HHH000412: Hibernate ORM core version 5.6.4.Final
2022-02-12 00:36:28.243  INFO 12740 --- [main] o.hibernate.annotations.common.Version   : HCANN000001: Hibernate Commons Annotations {5.1.2.Final}
2022-02-12 00:36:28.352  INFO 12740 --- [main] org.hibernate.dialect.Dialect            : HHH000400: Using dialect: org.hibernate.dialect.MySQL8Dialect
2022-02-12 00:36:28.940  INFO 12740 --- [main] o.h.e.t.j.p.i.JtaPlatformInitiator       : HHH000490: Using JtaPlatform implementation: [org.hibernate.engine.transaction.jta.platform.internal.NoJtaPlatform]
2022-02-12 00:36:28.950  INFO 12740 --- [main] j.LocalContainerEntityManagerFactoryBean : Initialized JPA EntityManagerFactory for persistence unit 'default'
2022-02-12 00:36:28.995  WARN 12740 --- [main] JpaBaseConfiguration$JpaWebConfiguration : spring.jpa.open-in-view is enabled by default. Therefore, database queries may be performed during view rendering. Explicitly configure spring.jpa.open-in-view to disable this warning
2022-02-12 00:36:29.317 TRACE 12740 --- [main] t.a.AnnotationTransactionAttributeSource : Adding transactional method 'com.emulator.bankservice.service.impl.BankServiceImpl.auth' with attribute: PROPAGATION_REQUIRED,ISOLATION_DEFAULT,readOnly
2022-02-12 00:36:29.326 TRACE 12740 --- [main] t.a.AnnotationTransactionAttributeSource : Adding transactional method 'com.emulator.bankservice.service.impl.BankServiceImpl.checkIfUserExists' with attribute: PROPAGATION_REQUIRED,ISOLATION_DEFAULT,readOnly
2022-02-12 00:36:29.327 TRACE 12740 --- [main] t.a.AnnotationTransactionAttributeSource : Adding transactional method 'com.emulator.bankservice.service.impl.BankServiceImpl.withdraw' with attribute: PROPAGATION_REQUIRES_NEW,ISOLATION_DEFAULT
2022-02-12 00:36:29.327 TRACE 12740 --- [main] t.a.AnnotationTransactionAttributeSource : Adding transactional method 'com.emulator.bankservice.service.impl.BankServiceImpl.getBalance' with attribute: PROPAGATION_REQUIRED,ISOLATION_DEFAULT,readOnly
2022-02-12 00:36:29.327 TRACE 12740 --- [main] t.a.AnnotationTransactionAttributeSource : Adding transactional method 'com.emulator.bankservice.service.impl.BankServiceImpl.deposit' with attribute: PROPAGATION_REQUIRES_NEW,ISOLATION_DEFAULT
2022-02-12 00:36:29.327 TRACE 12740 --- [main] t.a.AnnotationTransactionAttributeSource : Adding transactional method 'com.emulator.bankservice.service.impl.BankServiceImpl.getTransactionsByAccountNumberAndDateBetween' with attribute: PROPAGATION_REQUIRED,ISOLATION_DEFAULT,readOnly
2022-02-12 00:36:29.461  INFO 12740 --- [main] o.s.s.web.DefaultSecurityFilterChain     : Will secure any request with [org.springframework.security.web.context.request.async.WebAsyncManagerIntegrationFilter@3966c679, org.springframework.security.web.context.SecurityContextPersistenceFilter@38a27ace, org.springframework.security.web.header.HeaderWriterFilter@462f8fe9, org.springframework.security.web.authentication.logout.LogoutFilter@6d87253e, org.springframework.security.web.authentication.www.BasicAuthenticationFilter@74cd8c55, org.springframework.security.web.savedrequest.RequestCacheAwareFilter@7e8783b0, org.springframework.security.web.servletapi.SecurityContextHolderAwareRequestFilter@4d964c9e, org.springframework.security.web.authentication.AnonymousAuthenticationFilter@66a99584, org.springframework.security.web.session.SessionManagementFilter@5dbc4598, org.springframework.security.web.access.ExceptionTranslationFilter@1e295f7f, org.springframework.security.web.access.intercept.FilterSecurityInterceptor@21780905]
2022-02-12 00:36:29.762  INFO 12740 --- [main] o.s.b.w.embedded.tomcat.TomcatWebServer  : Tomcat started on port(s): 8081 (http) with context path '/bank-service'
2022-02-12 00:36:29.770  INFO 12740 --- [main] c.e.bankservice.BankServiceApplication   : Started BankServiceApplication in 4.195 seconds (JVM running for 4.671)
2022-02-12 00:38:48.872  INFO 14368 --- [main] c.e.bankservice.BankServiceApplication   : Starting BankServiceApplication using Java 11.0.9 on POSI-PC with PID 14368 (C:\Users\POSI\Desktop\atm-emulator\bank-service\build\classes\java\main started by POSI in C:\Users\POSI\Desktop\atm-emulator\bank-service)
2022-02-12 00:38:48.874  INFO 14368 --- [main] c.e.bankservice.BankServiceApplication   : No active profile set, falling back to default profiles: default
2022-02-12 00:38:49.510  INFO 14368 --- [main] .s.d.r.c.RepositoryConfigurationDelegate : Bootstrapping Spring Data JPA repositories in DEFAULT mode.
2022-02-12 00:38:49.566  INFO 14368 --- [main] .s.d.r.c.RepositoryConfigurationDelegate : Finished Spring Data repository scanning in 50 ms. Found 2 JPA repository interfaces.
2022-02-12 00:38:50.208  INFO 14368 --- [main] o.s.b.w.embedded.tomcat.TomcatWebServer  : Tomcat initialized with port(s): 8081 (http)
2022-02-12 00:38:50.217  INFO 14368 --- [main] o.apache.catalina.core.StandardService   : Starting service [Tomcat]
2022-02-12 00:38:50.217  INFO 14368 --- [main] org.apache.catalina.core.StandardEngine  : Starting Servlet engine: [Apache Tomcat/9.0.56]
2022-02-12 00:38:50.305  INFO 14368 --- [main] o.a.c.c.C.[.[localhost].[/bank-service]  : Initializing Spring embedded WebApplicationContext
2022-02-12 00:38:50.306  INFO 14368 --- [main] w.s.c.ServletWebServerApplicationContext : Root WebApplicationContext: initialization completed in 1394 ms
2022-02-12 00:38:50.394  INFO 14368 --- [main] com.zaxxer.hikari.HikariDataSource       : HikariPool-1 - Starting...
2022-02-12 00:38:50.701  INFO 14368 --- [main] com.zaxxer.hikari.HikariDataSource       : HikariPool-1 - Start completed.
2022-02-12 00:38:50.952  INFO 14368 --- [main] o.hibernate.jpa.internal.util.LogHelper  : HHH000204: Processing PersistenceUnitInfo [name: default]
2022-02-12 00:38:51.002  INFO 14368 --- [main] org.hibernate.Version                    : HHH000412: Hibernate ORM core version 5.6.4.Final
2022-02-12 00:38:51.144  INFO 14368 --- [main] o.hibernate.annotations.common.Version   : HCANN000001: Hibernate Commons Annotations {5.1.2.Final}
2022-02-12 00:38:51.243  INFO 14368 --- [main] org.hibernate.dialect.Dialect            : HHH000400: Using dialect: org.hibernate.dialect.MySQL8Dialect
2022-02-12 00:38:51.720  INFO 14368 --- [main] o.h.e.t.j.p.i.JtaPlatformInitiator       : HHH000490: Using JtaPlatform implementation: [org.hibernate.engine.transaction.jta.platform.internal.NoJtaPlatform]
2022-02-12 00:38:51.731  INFO 14368 --- [main] j.LocalContainerEntityManagerFactoryBean : Initialized JPA EntityManagerFactory for persistence unit 'default'
2022-02-12 00:38:51.774  WARN 14368 --- [main] JpaBaseConfiguration$JpaWebConfiguration : spring.jpa.open-in-view is enabled by default. Therefore, database queries may be performed during view rendering. Explicitly configure spring.jpa.open-in-view to disable this warning
2022-02-12 00:38:52.065 TRACE 14368 --- [main] t.a.AnnotationTransactionAttributeSource : Adding transactional method 'com.emulator.bankservice.service.impl.BankServiceImpl.auth' with attribute: PROPAGATION_REQUIRED,ISOLATION_DEFAULT,readOnly
2022-02-12 00:38:52.074 TRACE 14368 --- [main] t.a.AnnotationTransactionAttributeSource : Adding transactional method 'com.emulator.bankservice.service.impl.BankServiceImpl.getTransactionsByAccountNumberAndDateBetween' with attribute: PROPAGATION_REQUIRED,ISOLATION_DEFAULT,readOnly
2022-02-12 00:38:52.074 TRACE 14368 --- [main] t.a.AnnotationTransactionAttributeSource : Adding transactional method 'com.emulator.bankservice.service.impl.BankServiceImpl.deposit' with attribute: PROPAGATION_REQUIRES_NEW,ISOLATION_DEFAULT
2022-02-12 00:38:52.074 TRACE 14368 --- [main] t.a.AnnotationTransactionAttributeSource : Adding transactional method 'com.emulator.bankservice.service.impl.BankServiceImpl.getBalance' with attribute: PROPAGATION_REQUIRED,ISOLATION_DEFAULT,readOnly
2022-02-12 00:38:52.075 TRACE 14368 --- [main] t.a.AnnotationTransactionAttributeSource : Adding transactional method 'com.emulator.bankservice.service.impl.BankServiceImpl.withdraw' with attribute: PROPAGATION_REQUIRES_NEW,ISOLATION_DEFAULT
2022-02-12 00:38:52.075 TRACE 14368 --- [main] t.a.AnnotationTransactionAttributeSource : Adding transactional method 'com.emulator.bankservice.service.impl.BankServiceImpl.checkIfUserExists' with attribute: PROPAGATION_REQUIRED,ISOLATION_DEFAULT,readOnly
2022-02-12 00:38:52.206  INFO 14368 --- [main] o.s.s.web.DefaultSecurityFilterChain     : Will secure any request with [org.springframework.security.web.context.request.async.WebAsyncManagerIntegrationFilter@56e78538, org.springframework.security.web.context.SecurityContextPersistenceFilter@10ec4721, org.springframework.security.web.header.HeaderWriterFilter@372841d2, org.springframework.security.web.authentication.logout.LogoutFilter@70f5f57d, org.springframework.security.web.authentication.www.BasicAuthenticationFilter@4abdd5e, org.springframework.security.web.savedrequest.RequestCacheAwareFilter@6b92a0d1, org.springframework.security.web.servletapi.SecurityContextHolderAwareRequestFilter@11e3d08, org.springframework.security.web.authentication.AnonymousAuthenticationFilter@731fae, org.springframework.security.web.session.SessionManagementFilter@706c062e, org.springframework.security.web.access.ExceptionTranslationFilter@96dfcbb, org.springframework.security.web.access.intercept.FilterSecurityInterceptor@2dbb8da0]
2022-02-12 00:38:52.505  INFO 14368 --- [main] o.s.b.w.embedded.tomcat.TomcatWebServer  : Tomcat started on port(s): 8081 (http) with context path '/bank-service'
2022-02-12 00:38:52.514  INFO 14368 --- [main] c.e.bankservice.BankServiceApplication   : Started BankServiceApplication in 4.059 seconds (JVM running for 4.606)
